Using pre-set license
Built from '2021.1/release' branch; Version is '2021.1.0f1 (61a549675243) revision 6399305'; Using compiler version '192528614'; Build Type 'Release'
OS: 'Windows 10 Pro; OS build 19042.1110; Version 2009; 64bit' Language: 'en' Physical Memory: 16299 MB
BatchMode: 1, IsHumanControllingUs: 0, StartBugReporterOnCrash: 0, Is64bit: 1, IsPro: 0

 COMMAND LINE ARGUMENTS:
D:\HDD mass storage\Installed Programs\Unity\2021.1.0f1\Editor\Unity.exe
-adb2
-batchMode
-noUpm
-name
AssetImportWorker0
-projectPath
D:/HDD mass storage/UnityProjects/controller
-logFile
Logs/AssetImportWorker0.log
-srvPort
52759
Successfully changed project path to: D:/HDD mass storage/UnityProjects/controller
D:/HDD mass storage/UnityProjects/controller
Using Asset Import Pipeline V2.
Refreshing native plugins compatible for Editor in 73.55 ms, found 1 plugins.
Preloading 0 native plugins for Editor in 0.00 ms.
Initialize engine version: 2021.1.0f1 (61a549675243)
[Subsystems] Discovering subsystems at path D:/HDD mass storage/Installed Programs/Unity/2021.1.0f1/Editor/Data/Resources/UnitySubsystems
[Subsystems] Discovering subsystems at path D:/HDD mass storage/UnityProjects/controller/Assets
GfxDevice: creating device client; threaded=0; jobified=0
Direct3D:
    Version:  Direct3D 11.0 [level 11.1]
    Renderer: NVIDIA GeForce GTX 1050 Ti (ID=0x1c82)
    Vendor:   NVIDIA
    VRAM:     4018 MB
    Driver:   27.21.14.5751
Initialize mono
Mono path[0] = 'D:/HDD mass storage/Installed Programs/Unity/2021.1.0f1/Editor/Data/Managed'
Mono path[1] = 'D:/HDD mass storage/Installed Programs/Unity/2021.1.0f1/Editor/Data/MonoBleedingEdge/lib/mono/unityjit'
Mono config path = 'D:/HDD mass storage/Installed Programs/Unity/2021.1.0f1/Editor/Data/MonoBleedingEdge/etc'
Using monoOptions --debugger-agent=transport=dt_socket,embedding=1,server=y,suspend=n,address=127.0.0.1:56388
Begin MonoManager ReloadAssembly
Registering precompiled unity dll's ...
Register platform support module: D:/HDD mass storage/Installed Programs/Unity/2021.1.0f1/Editor/Data/PlaybackEngines/WindowsStandaloneSupport/UnityEditor.WindowsStandalone.Extensions.dll
Registered in 0.004323 seconds.
Native extension for WindowsStandalone target not found
Refreshing native plugins compatible for Editor in 77.02 ms, found 1 plugins.
Preloading 0 native plugins for Editor in 0.00 ms.
Mono: successfully reloaded assembly
- Completed reload, in  1.443 seconds
Platform modules already initialized, skipping
Registering precompiled user dll's ...
Registered in 0.004880 seconds.
Begin MonoManager ReloadAssembly
Native extension for WindowsStandalone target not found
Refreshing native plugins compatible for Editor in 0.46 ms, found 1 plugins.
Preloading 0 native plugins for Editor in 0.00 ms.
Mono: successfully reloaded assembly
- Completed reload, in  0.973 seconds
Platform modules already initialized, skipping
========================================================================
Worker process is ready to serve import requests
Launched and connected shader compiler UnityShaderCompiler.exe after 0.04 seconds
Refreshing native plugins compatible for Editor in 0.51 ms, found 1 plugins.
Preloading 0 native plugins for Editor in 0.00 ms.
Unloading 2725 Unused Serialized files (Serialized files now loaded: 0)
System memory in use before: 101.7 MB.
System memory in use after: 101.9 MB.

Unloading 15 unused Assets to reduce memory usage. Loaded Objects now: 3177.
Total: 2.143800 ms (FindLiveObjects: 0.243800 ms CreateObjectMapping: 0.167900 ms MarkObjects: 1.660500 ms  DeleteObjects: 0.070800 ms)

========================================================================
Received Import Request.
  path: Assets/Mesh/Xbox Inalambric Controller (Black).glb
  artifactKey: Guid(233baf9051d26344c9dea4f256731ebd) Importer(815301076,1909f56bfc062723c751e8b465ee728b)
Start importing Assets/Mesh/Xbox Inalambric Controller (Black).glb using Guid(233baf9051d26344c9dea4f256731ebd) Importer(815301076,1909f56bfc062723c751e8b465ee728b)  -> (artifact id: 'bf61d1d71b875a322d1d0210c299fa57') in 0.063181 seconds 
========================================================================
Received Import Request.
  Time since last request: 824.187695 seconds.
  path: Assets/Mesh/controllerXBOX.fbx
  artifactKey: Guid(38c11e4a63d380b4080b1a72016e8d30) Importer(815301076,1909f56bfc062723c751e8b465ee728b)
Start importing Assets/Mesh/controllerXBOX.fbx using Guid(38c11e4a63d380b4080b1a72016e8d30) Importer(815301076,1909f56bfc062723c751e8b465ee728b)  -> (artifact id: '14d5558a68c4ee67abbe5ff9b302c2d7') in 0.196482 seconds 
========================================================================
Received Import Request.
  Time since last request: 124.647373 seconds.
  path: Assets/Textures/controller
  artifactKey: Guid(7efc932bd3547de4bb0d5f3dff8dea05) Importer(815301076,1909f56bfc062723c751e8b465ee728b)
Start importing Assets/Textures/controller using Guid(7efc932bd3547de4bb0d5f3dff8dea05) Importer(815301076,1909f56bfc062723c751e8b465ee728b)  -> (artifact id: '63879dc2f6d9ae102deb144e416f605d') in 0.007364 seconds 
========================================================================
Received Import Request.
  Time since last request: 16.845629 seconds.
  path: Assets/Textures/controller/gltf_embedded_0.png
  artifactKey: Guid(2836731fe34a0114381414228ac93443) Importer(815301076,1909f56bfc062723c751e8b465ee728b)
Start importing Assets/Textures/controller/gltf_embedded_0.png using Guid(2836731fe34a0114381414228ac93443) Importer(815301076,1909f56bfc062723c751e8b465ee728b)  -> (artifact id: '23e549ad4594d3ee8cc6dac11cd17e0b') in 0.053205 seconds 
========================================================================
Received Import Request.
  Time since last request: 206.455575 seconds.
  path: Assets/Textures/controller/Materials
  artifactKey: Guid(400af36d7f0f7df4d82e0d6665483311) Importer(815301076,1909f56bfc062723c751e8b465ee728b)
Start importing Assets/Textures/controller/Materials using Guid(400af36d7f0f7df4d82e0d6665483311) Importer(815301076,1909f56bfc062723c751e8b465ee728b)  -> (artifact id: '0a9b078124ae9a7bcc16bcca34d328d0') in 0.008114 seconds 
AssetImportWorkerClient::OnTransportError - code=2 error=End of file
